{"numFailedTestSuites":2,"numFailedTests":5,"numPassedTestSuites":36,"numPassedTests":262,"numPendingTestSuites":0,"numPendingTests":0,"numRuntimeErrorTestSuites":0,"numTodoTests":0,"numTotalTestSuites":38,"numTotalTests":267,"openHandles":[],"snapshot":{"added":0,"didUpdate":false,"failure":false,"filesAdded":0,"filesRemoved":0,"filesRemovedList":[],"filesUnmatched":0,"filesUpdated":0,"matched":0,"total":0,"unchecked":0,"uncheckedKeysByFile":[],"unmatched":0,"updated":0},"startTime":1784832836494,"success":false,"testResults":[{"assertionResults":[{"ancestorTitles":["ApiKeysController"],"duration":39,"failing":false,"failureDetails":[],"failureMessages":[],"fullName":"ApiKeysController creates a new API key for the authenticated user","invocations":1,"location":null,"numPassingAsserts":3,"retryReasons":[],"startAt":1784832842950,"status":"passed","title":"creates a new API key for the authenticated user"},{"ancestorTitles":["ApiKeysController"],"duration":57,"failing":false,"failureDetails":[],"failureMessages":[],"fullName":"ApiKeysController rejects creating a new API key when an active key already uses the generated prefix","invocations":1,"location":null,"numPassingAsserts":1,"retryReasons":[],"startAt":1784832842990,"status":"passed","title":"rejects creating a new API key when an active key already uses the generated prefix"},{"ancestorTitles":["ApiKeysController"],"duration":7,"failing":false,"failureDetails":[],"failureMessages":[],"fullName":"ApiKeysController revokes an owned API key and hides ownership details","invocations":1,"location":null,"numPassingAsserts":3,"retryReasons":[],"startAt":1784832843047,"status":"passed","title":"revokes an owned API key and hides ownership details"},{"ancestorTitles":["ApiKeysController"],"duration":3,"failing":false,"failureDetails":[],"failureMessages":[],"fullName":"ApiKeysController returns not found when the key does not exist or is not owned by the caller","invocations":1,"location":null,"numPassingAsserts":1,"retryReasons":[],"startAt":1784832843055,"status":"passed","title":"returns not found when the key does not exist or is not owned by the caller"},{"ancestorTitles":["ApiKeysController"],"duration":3,"failing":false,"failureDetails":[],"failureMessages":[],"fullName":"ApiKeysController lists all API keys for the authenticated user","invocations":1,"location":null,"numPassingAsserts":2,"retryReasons":[],"startAt":1784832843059,"status":"passed","title":"lists all API keys for the authenticated user"},{"ancestorTitles":["ApiKeysController"],"duration":18,"failing":false,"failureDetails":[{"matcherResult":{"actual":{"userId":"user-2","apiKeys":[{"id":"api-key-1","name":"Production Key","prefix":"sk_12345678","scope":"read","isActive":false,"createdAt":{},"updatedAt":{},"lastUsedAt":null,"expiresAt":null,"status":"revoked"}]},"expected":{"userId":"user-2","apiKeys":[{"sample":{"id":"api-key-1","status":"REVOKED"},"inverse":false}]},"message":"expect(received).toEqual(expected) // deep equality\n\n- Expected  -  2\n+ Received  + 10\n\n  Object {\n    \"apiKeys\": Array [\n-     ObjectContaining {\n+     Object {\n+       \"createdAt\": 2026-01-01T00:00:00.000Z,\n+       \"expiresAt\": null,\n        \"id\": \"api-key-1\",\n-       \"status\": \"REVOKED\",\n+       \"isActive\": false,\n+       \"lastUsedAt\": null,\n+       \"name\": \"Production Key\",\n+       \"prefix\": \"sk_12345678\",\n+       \"scope\": \"read\",\n+       \"status\": \"revoked\",\n+       \"updatedAt\": 2026-01-01T00:00:00.000Z,\n      },\n    ],\n    \"userId\": \"user-2\",\n  }","name":"toEqual","pass":false}}],"failureMessages":["Error: expect(received).toEqual(expected) // deep equality\n\n- Expected  -  2\n+ Received  + 10\n\n  Object {\n    \"apiKeys\": Array [\n-     ObjectContaining {\n+     Object {\n+       \"createdAt\": 2026-01-01T00:00:00.000Z,\n+       \"expiresAt\": null,\n        \"id\": \"api-key-1\",\n-       \"status\": \"REVOKED\",\n+       \"isActive\": false,\n+       \"lastUsedAt\": null,\n+       \"name\": \"Production Key\",\n+       \"prefix\": \"sk_12345678\",\n+       \"scope\": \"read\",\n+       \"status\": \"revoked\",\n+       \"updatedAt\": 2026-01-01T00:00:00.000Z,\n      },\n    ],\n    \"userId\": \"user-2\",\n  }\n    at Object.<anonymous> (/home/semicolon/Drip/ignition-pay/ignition-api/src/api-keys/api-keys.controller.spec.ts:211:20)\n    at processTicksAndRejections (node:internal/process/task_queues:104:5)"],"fullName":"ApiKeysController lists API keys for a specific user as an admin","invocations":1,"location":null,"numPassingAsserts":1,"retryReasons":[],"startAt":1784832843062,"status":"failed","title":"lists API keys for a specific user as an admin"},{"ancestorTitles":["ApiKeysController"],"duration":2,"failing":false,"failureDetails":[],"failureMessages":[],"fullName":"ApiKeysController updates API key metadata","invocations":1,"location":null,"numPassingAsserts":2,"retryReasons":[],"startAt":1784832843081,"status":"passed","title":"updates API key metadata"},{"ancestorTitles":["ApiKeysController"],"duration":8,"failing":false,"failureDetails":[],"failureMessages":[],"fullName":"ApiKeysController returns not found when updating a non-existent key","invocations":1,"location":null,"numPassingAsserts":1,"retryReasons":[],"startAt":1784832843083,"status":"passed","title":"returns not found when updating a non-existent key"},{"ancestorTitles":["ApiKeysController"],"duration":4,"failing":false,"failureDetails":[],"failureMessages":[],"fullName":"ApiKeysController rotates an API key by creating new and revoking old","invocations":1,"location":null,"numPassingAsserts":3,"retryReasons":[],"startAt":1784832843092,"status":"passed","title":"rotates an API key by creating new and revoking old"},{"ancestorTitles":["ApiKeysController"],"duration":1,"failing":false,"failureDetails":[],"failureMessages":[],"fullName":"ApiKeysController returns not found when rotating a non-existent key","invocations":1,"location":null,"numPassingAsserts":1,"retryReasons":[],"startAt":1784832843097,"status":"passed","title":"returns not found when rotating a non-existent key"}],"endTime":1784832843131,"message":"  ● ApiKeysController › lists API keys for a specific user as an admin\n\n    expect(received).toEqual(expected) // deep equality\n\n    - Expected  -  2\n    + Received  + 10\n\n      Object {\n        \"apiKeys\": Array [\n    -     ObjectContaining {\n    +     Object {\n    +       \"createdAt\": 2026-01-01T00:00:00.000Z,\n    +       \"expiresAt\": null,\n            \"id\": \"api-key-1\",\n    -       \"status\": \"REVOKED\",\n    +       \"isActive\": false,\n    +       \"lastUsedAt\": null,\n    +       \"name\": \"Production Key\",\n    +       \"prefix\": \"sk_12345678\",\n    +       \"scope\": \"read\",\n    +       \"status\": \"revoked\",\n    +       \"updatedAt\": 2026-01-01T00:00:00.000Z,\n          },\n        ],\n        \"userId\": \"user-2\",\n      }\n\n      209 |       }),\n      210 |     );\n    > 211 |     expect(result).toEqual({\n          |                    ^\n      212 |       userId: 'user-2',\n      213 |       apiKeys: [\n      214 |         expect.objectContaining({\n\n      at Object.<anonymous> (api-keys/api-keys.controller.spec.ts:211:20)\n","name":"/home/semicolon/Drip/ignition-pay/ignition-api/src/api-keys/api-keys.controller.spec.ts","startTime":1784832839244,"status":"failed","summary":""},{"assertionResults":[{"ancestorTitles":["ApiKeyGuard"],"duration":29,"failing":false,"failureDetails":[{"type":"ApiKeyGuard","context":{"index":1,"dependencies":[null,null]},"metadata":{"id":"02f691bda9770376b022f"},"moduleRef":{"id":"6555fd14e102f691bda97"}}],"failureMessages":["Error: Nest can't resolve dependencies of the ApiKeyGuard (PrismaService, ?). Please make sure that the argument ApiKeyExpirationService at index [1] is available in the RootTestModule module.\n\nPotential solutions:\n- Is RootTestModule a valid NestJS module?\n- If ApiKeyExpirationService is a provider, is it part of the current RootTestModule?\n- If ApiKeyExpirationService is exported from a separate @Module, is that module imported within RootTestModule?\n  @Module({\n    imports: [ /* the Module containing ApiKeyExpirationService */ ]\n  })\n\nFor more common dependency resolution issues, see: https://docs.nestjs.com/faq/common-errors\n    at TestingInjector.lookupComponentInParentModules (/home/semicolon/Drip/ignition-pay/ignition-api/node_modules/@nestjs/core/injector/injector.js:300:19)\n    at processTicksAndRejections (node:internal/process/task_queues:104:5)\n    at TestingInjector.resolveComponentWrapper (/home/semicolon/Drip/ignition-pay/ignition-api/node_modules/@nestjs/testing/testing-injector.js:19:45)\n    at resolveParam (/home/semicolon/Drip/ignition-pay/ignition-api/node_modules/@nestjs/core/injector/injector.js:150:38)\n    at async Promise.all (index 1)\n    at TestingInjector.resolveConstructorParams (/home/semicolon/Drip/ignition-pay/ignition-api/node_modules/@nestjs/core/injector/injector.js:179:27)\n    at TestingInjector.loadInstance (/home/semicolon/Drip/ignition-pay/ignition-api/node_modules/@nestjs/core/injector/injector.js:77:13)\n    at TestingInjector.loadProvider (/home/semicolon/Drip/ignition-pay/ignition-api/node_modules/@nestjs/core/injector/injector.js:111:9)\n    at /home/semicolon/Drip/ignition-pay/ignition-api/node_modules/@nestjs/core/injector/instance-loader.js:56:13\n    at async Promise.all (index 3)\n    at TestingInstanceLoader.createInstancesOfProviders (/home/semicolon/Drip/ignition-pay/ignition-api/node_modules/@nestjs/core/injector/instance-loader.js:55:9)\n    at /home/semicolon/Drip/ignition-pay/ignition-api/node_modules/@nestjs/core/injector/instance-loader.js:40:13\n    at async Promise.all (index 1)\n    at TestingInstanceLoader.createInstances (/home/semicolon/Drip/ignition-pay/ignition-api/node_modules/@nestjs/core/injector/instance-loader.js:39:9)\n    at TestingInstanceLoader.createInstancesOfDependencies (/home/semicolon/Drip/ignition-pay/ignition-api/node_modules/@nestjs/core/injector/instance-loader.js:22:13)\n    at TestingInstanceLoader.createInstancesOfDependencies (/home/semicolon/Drip/ignition-pay/ignition-api/node_modules/@nestjs/testing/testing-instance-loader.js:9:9)\n    at TestingModuleBuilder.createInstancesOfDependencies (/home/semicolon/Drip/ignition-pay/ignition-api/node_modules/@nestjs/testing/testing-module.builder.js:119:9)\n    at TestingModuleBuilder.compile (/home/semicolon/Drip/ignition-pay/ignition-api/node_modules/@nestjs/testing/testing-module.builder.js:74:9)\n    at Object.<anonymous> (/home/semicolon/Drip/ignition-pay/ignition-api/src/api-keys/api-key.guard.spec.ts:18:35)"],"fullName":"ApiKeyGuard should be defined","invocations":1,"location":null,"numPassingAsserts":0,"retryReasons":[],"startAt":1784832843509,"status":"failed","title":"should be defined"},{"ancestorTitles":["ApiKeyGuard"],"duration":13,"failing":false,"failureDetails":[{"type":"ApiKeyGuard","context":{"index":1,"dependencies":[null,null]},"metadata":{"id":"65fd50c52474763d7b99d"},"moduleRef":{"id":"0376b022f865fd50c5247"}}],"failureMessages":["Error: Nest can't resolve dependencies of the ApiKeyGuard (PrismaService, ?). Please make sure that the argument ApiKeyExpirationService at index [1] is available in the RootTestModule module.\n\nPotential solutions:\n- Is RootTestModule a valid NestJS module?\n- If ApiKeyExpirationService is a provider, is it part of the current RootTestModule?\n- If ApiKeyExpirationService is exported from a separate @Module, is that module imported within RootTestModule?\n  @Module({\n    imports: [ /* the Module containing ApiKeyExpirationService */ ]\n  })\n\nFor more common dependency resolution issues, see: https://docs.nestjs.com/faq/common-errors\n    at TestingInjector.lookupComponentInParentModules (/home/semicolon/Drip/ignition-pay/ignition-api/node_modules/@nestjs/core/injector/injector.js:300:19)\n    at processTicksAndRejections (node:internal/process/task_queues:104:5)\n    at TestingInjector.resolveComponentWrapper (/home/semicolon/Drip/ignition-pay/ignition-api/node_modules/@nestjs/testing/testing-injector.js:19:45)\n    at resolveParam (/home/semicolon/Drip/ignition-pay/ignition-api/node_modules/@nestjs/core/injector/injector.js:150:38)\n    at async Promise.all (index 1)\n    at TestingInjector.resolveConstructorParams (/home/semicolon/Drip/ignition-pay/ignition-api/node_modules/@nestjs/core/injector/injector.js:179:27)\n    at TestingInjector.loadInstance (/home/semicolon/Drip/ignition-pay/ignition-api/node_modules/@nestjs/core/injector/injector.js:77:13)\n    at TestingInjector.loadProvider (/home/semicolon/Drip/ignition-pay/ignition-api/node_modules/@nestjs/core/injector/injector.js:111:9)\n    at /home/semicolon/Drip/ignition-pay/ignition-api/node_modules/@nestjs/core/injector/instance-loader.js:56:13\n    at async Promise.all (index 3)\n    at TestingInstanceLoader.createInstancesOfProviders (/home/semicolon/Drip/ignition-pay/ignition-api/node_modules/@nestjs/core/injector/instance-loader.js:55:9)\n    at /home/semicolon/Drip/ignition-pay/ignition-api/node_modules/@nestjs/core/injector/instance-loader.js:40:13\n    at async Promise.all (index 1)\n    at TestingInstanceLoader.createInstances (/home/semicolon/Drip/ignition-pay/ignition-api/node_modules/@nestjs/core/injector/instance-loader.js:39:9)\n    at TestingInstanceLoader.createInstancesOfDependencies (/home/semicolon/Drip/ignition-pay/ignition-api/node_modules/@nestjs/core/injector/instance-loader.js:22:13)\n    at TestingInstanceLoader.createInstancesOfDependencies (/home/semicolon/Drip/ignition-pay/ignition-api/node_modules/@nestjs/testing/testing-instance-loader.js:9:9)\n    at TestingModuleBuilder.createInstancesOfDependencies (/home/semicolon/Drip/ignition-pay/ignition-api/node_modules/@nestjs/testing/testing-module.builder.js:119:9)\n    at TestingModuleBuilder.compile (/home/semicolon/Drip/ignition-pay/ignition-api/node_modules/@nestjs/testing/testing-module.builder.js:74:9)\n    at Object.<anonymous> (/home/semicolon/Drip/ignition-pay/ignition-api/src/api-keys/api-key.guard.spec.ts:18:35)"],"fullName":"ApiKeyGuard should throw UnauthorizedException if x-api-key header is missing","invocations":1,"location":null,"numPassingAsserts":0,"retryReasons":[],"startAt":1784832843566,"status":"failed","title":"should throw UnauthorizedException if x-api-key header is missing"},{"ancestorTitles":["ApiKeyGuard"],"duration":11,"failing":false,"failureDetails":[{"type":"ApiKeyGuard","context":{"index":1,"dependencies":[null,null]},"metadata":{"id":"1025d8b3a21fdbbe92860"},"moduleRef":{"id":"763d7b99d51025d8b3a21"}}],"failureMessages":["Error: Nest can't resolve dependencies of the ApiKeyGuard (PrismaService, ?). Please make sure that the argument ApiKeyExpirationService at index [1] is available in the RootTestModule module.\n\nPotential solutions:\n- Is RootTestModule a valid NestJS module?\n- If ApiKeyExpirationService is a provider, is it part of the current RootTestModule?\n- If ApiKeyExpirationService is exported from a separate @Module, is that module imported within RootTestModule?\n  @Module({\n    imports: [ /* the Module containing ApiKeyExpirationService */ ]\n  })\n\nFor more common dependency resolution issues, see: https://docs.nestjs.com/faq/common-errors\n    at TestingInjector.lookupComponentInParentModules (/home/semicolon/Drip/ignition-pay/ignition-api/node_modules/@nestjs/core/injector/injector.js:300:19)\n    at processTicksAndRejections (node:internal/process/task_queues:104:5)\n    at TestingInjector.resolveComponentWrapper (/home/semicolon/Drip/ignition-pay/ignition-api/node_modules/@nestjs/testing/testing-injector.js:19:45)\n    at resolveParam (/home/semicolon/Drip/ignition-pay/ignition-api/node_modules/@nestjs/core/injector/injector.js:150:38)\n    at async Promise.all (index 1)\n    at TestingInjector.resolveConstructorParams (/home/semicolon/Drip/ignition-pay/ignition-api/node_modules/@nestjs/core/injector/injector.js:179:27)\n    at TestingInjector.loadInstance (/home/semicolon/Drip/ignition-pay/ignition-api/node_modules/@nestjs/core/injector/injector.js:77:13)\n    at TestingInjector.loadProvider (/home/semicolon/Drip/ignition-pay/ignition-api/node_modules/@nestjs/core/injector/injector.js:111:9)\n    at /home/semicolon/Drip/ignition-pay/ignition-api/node_modules/@nestjs/core/injector/instance-loader.js:56:13\n    at async Promise.all (index 3)\n    at TestingInstanceLoader.createInstancesOfProviders (/home/semicolon/Drip/ignition-pay/ignition-api/node_modules/@nestjs/core/injector/instance-loader.js:55:9)\n    at /home/semicolon/Drip/ignition-pay/ignition-api/node_modules/@nestjs/core/injector/instance-loader.js:40:13\n    at async Promise.all (index 1)\n    at TestingInstanceLoader.createInstances (/home/semicolon/Drip/ignition-pay/ignition-api/node_modules/@nestjs/core/injector/instance-loader.js:39:9)\n    at TestingInstanceLoader.createInstancesOfDependencies (/home/semicolon/Drip/ignition-pay/ignition-api/node_modules/@nestjs/core/injector/instance-loader.js:22:13)\n    at TestingInstanceLoader.createInstancesOfDependencies (/home/semicolon/Drip/ignition-pay/ignition-api/node_modules/@nestjs/testing/testing-instance-loader.js:9:9)\n    at TestingModuleBuilder.createInstancesOfDependencies (/home/semicolon/Drip/ignition-pay/ignition-api/node_modules/@nestjs/testing/testing-module.builder.js:119:9)\n    at TestingModuleBuilder.compile (/home/semicolon/Drip/ignition-pay/ignition-api/node_modules/@nestjs/testing/testing-module.builder.js:74:9)\n    at Object.<anonymous> (/home/semicolon/Drip/ignition-pay/ignition-api/src/api-keys/api-key.guard.spec.ts:18:35)"],"fullName":"ApiKeyGuard should throw UnauthorizedException if API key record is missing or inactive","invocations":1,"location":null,"numPassingAsserts":0,"retryReasons":[],"startAt":1784832843590,"status":"failed","title":"should throw UnauthorizedException if API key record is missing or inactive"},{"ancestorTitles":["ApiKeyGuard"],"duration":15,"failing":false,"failureDetails":[{"type":"ApiKeyGuard","context":{"index":1,"dependencies":[null,null]},"metadata":{"id":"2fc332503d630f637a583"},"moduleRef":{"id":"dbbe9286082fc332503d6"}}],"failureMessages":["Error: Nest can't resolve dependencies of the ApiKeyGuard (PrismaService, ?). Please make sure that the argument ApiKeyExpirationService at index [1] is available in the RootTestModule module.\n\nPotential solutions:\n- Is RootTestModule a valid NestJS module?\n- If ApiKeyExpirationService is a provider, is it part of the current RootTestModule?\n- If ApiKeyExpirationService is exported from a separate @Module, is that module imported within RootTestModule?\n  @Module({\n    imports: [ /* the Module containing ApiKeyExpirationService */ ]\n  })\n\nFor more common dependency resolution issues, see: https://docs.nestjs.com/faq/common-errors\n    at TestingInjector.lookupComponentInParentModules (/home/semicolon/Drip/ignition-pay/ignition-api/node_modules/@nestjs/core/injector/injector.js:300:19)\n    at processTicksAndRejections (node:internal/process/task_queues:104:5)\n    at TestingInjector.resolveComponentWrapper (/home/semicolon/Drip/ignition-pay/ignition-api/node_modules/@nestjs/testing/testing-injector.js:19:45)\n    at resolveParam (/home/semicolon/Drip/ignition-pay/ignition-api/node_modules/@nestjs/core/injector/injector.js:150:38)\n    at async Promise.all (index 1)\n    at TestingInjector.resolveConstructorParams (/home/semicolon/Drip/ignition-pay/ignition-api/node_modules/@nestjs/core/injector/injector.js:179:27)\n    at TestingInjector.loadInstance (/home/semicolon/Drip/ignition-pay/ignition-api/node_modules/@nestjs/core/injector/injector.js:77:13)\n    at TestingInjector.loadProvider (/home/semicolon/Drip/ignition-pay/ignition-api/node_modules/@nestjs/core/injector/injector.js:111:9)\n    at /home/semicolon/Drip/ignition-pay/ignition-api/node_modules/@nestjs/core/injector/instance-loader.js:56:13\n    at async Promise.all (index 3)\n    at TestingInstanceLoader.createInstancesOfProviders (/home/semicolon/Drip/ignition-pay/ignition-api/node_modules/@nestjs/core/injector/instance-loader.js:55:9)\n    at /home/semicolon/Drip/ignition-pay/ignition-api/node_modules/@nestjs/core/injector/instance-loader.js:40:13\n    at async Promise.all (index 1)\n    at TestingInstanceLoader.createInstances (/home/semicolon/Drip/ignition-pay/ignition-api/node_modules/@nestjs/core/injector/instance-loader.js:39:9)\n    at TestingInstanceLoader.createInstancesOfDependencies (/home/semicolon/Drip/ignition-pay/ignition-api/node_modules/@nestjs/core/injector/instance-loader.js:22:13)\n    at TestingInstanceLoader.createInstancesOfDependencies (/home/semicolon/Drip/ignition-pay/ignition-api/node_modules/@nestjs/testing/testing-instance-loader.js:9:9)\n    at TestingModuleBuilder.createInstancesOfDependencies (/home/semicolon/Drip/ignition-pay/ignition-api/node_modules/@nestjs/testing/testing-module.builder.js:119:9)\n    at TestingModuleBuilder.compile (/home/semicolon/Drip/ignition-pay/ignition-api/node_modules/@nestjs/testing/testing-module.builder.js:74:9)\n    at Object.<anonymous> (/home/semicolon/Drip/ignition-pay/ignition-api/src/api-keys/api-key.guard.spec.ts:18:35)"],"fullName":"ApiKeyGuard should return true and attach user if API key is active","invocations":1,"location":null,"numPassingAsserts":0,"retryReasons":[],"startAt":1784832843607,"status":"failed","title":"should return true and attach user if API key is active"}],"endTime":1784832843724,"message":"  ● ApiKeyGuard › should be defined\n\n    Nest can't resolve dependencies of the ApiKeyGuard (PrismaService, ?). Please make sure that the argument ApiKeyExpirationService at index [1] is available in the RootTestModule module.\n\n    Potential solutions:\n    - Is RootTestModule a valid NestJS module?\n    - If ApiKeyExpirationService is a provider, is it part of the current RootTestModule?\n    - If ApiKeyExpirationService is exported from a separate @Module, is that module imported within RootTestModule?\n      @Module({\n        imports: [ /* the Module containing ApiKeyExpirationService */ ]\n      })\n\n    For more common dependency resolution issues, see: https://docs.nestjs.com/faq/common-errors\n\n      16 |     };\n      17 |\n    > 18 |     const module: TestingModule = await Test.createTestingModule({\n         |                                   ^\n      19 |       providers: [ApiKeyGuard, { provide: PrismaService, useValue: prisma }],\n      20 |     }).compile();\n      21 |\n\n      at TestingInjector.lookupComponentInParentModules (../node_modules/@nestjs/core/injector/injector.js:300:19)\n      at TestingInjector.resolveComponentWrapper (../node_modules/@nestjs/testing/testing-injector.js:19:45)\n      at resolveParam (../node_modules/@nestjs/core/injector/injector.js:150:38)\n          at async Promise.all (index 1)\n      at TestingInjector.resolveConstructorParams (../node_modules/@nestjs/core/injector/injector.js:179:27)\n      at TestingInjector.loadInstance (../node_modules/@nestjs/core/injector/injector.js:77:13)\n      at TestingInjector.loadProvider (../node_modules/@nestjs/core/injector/injector.js:111:9)\n      at ../node_modules/@nestjs/core/injector/instance-loader.js:56:13\n          at async Promise.all (index 3)\n      at TestingInstanceLoader.createInstancesOfProviders (../node_modules/@nestjs/core/injector/instance-loader.js:55:9)\n      at ../node_modules/@nestjs/core/injector/instance-loader.js:40:13\n          at async Promise.all (index 1)\n      at TestingInstanceLoader.createInstances (../node_modules/@nestjs/core/injector/instance-loader.js:39:9)\n      at TestingInstanceLoader.createInstancesOfDependencies (../node_modules/@nestjs/core/injector/instance-loader.js:22:13)\n      at TestingInstanceLoader.createInstancesOfDependencies (../node_modules/@nestjs/testing/testing-instance-loader.js:9:9)\n      at TestingModuleBuilder.createInstancesOfDependencies (../node_modules/@nestjs/testing/testing-module.builder.js:119:9)\n      at TestingModuleBuilder.compile (../node_modules/@nestjs/testing/testing-module.builder.js:74:9)\n      at Object.<anonymous> (api-keys/api-key.guard.spec.ts:18:35)\n\n  ● ApiKeyGuard › should throw UnauthorizedException if x-api-key header is missing\n\n    Nest can't resolve dependencies of the ApiKeyGuard (PrismaService, ?). Please make sure that the argument ApiKeyExpirationService at index [1] is available in the RootTestModule module.\n\n    Potential solutions:\n    - Is RootTestModule a valid NestJS module?\n    - If ApiKeyExpirationService is a provider, is it part of the current RootTestModule?\n    - If ApiKeyExpirationService is exported from a separate @Module, is that module imported within RootTestModule?\n      @Module({\n        imports: [ /* the Module containing ApiKeyExpirationService */ ]\n      })\n\n    For more common dependency resolution issues, see: https://docs.nestjs.com/faq/common-errors\n\n      16 |     };\n      17 |\n    > 18 |     const module: TestingModule = await Test.createTestingModule({\n         |                                   ^\n      19 |       providers: [ApiKeyGuard, { provide: PrismaService, useValue: prisma }],\n      20 |     }).compile();\n      21 |\n\n      at TestingInjector.lookupComponentInParentModules (../node_modules/@nestjs/core/injector/injector.js:300:19)\n      at TestingInjector.resolveComponentWrapper (../node_modules/@nestjs/testing/testing-injector.js:19:45)\n      at resolveParam (../node_modules/@nestjs/core/injector/injector.js:150:38)\n          at async Promise.all (index 1)\n      at TestingInjector.resolveConstructorParams (../node_modules/@nestjs/core/injector/injector.js:179:27)\n      at TestingInjector.loadInstance (../node_modules/@nestjs/core/injector/injector.js:77:13)\n      at TestingInjector.loadProvider (../node_modules/@nestjs/core/injector/injector.js:111:9)\n      at ../node_modules/@nestjs/core/injector/instance-loader.js:56:13\n          at async Promise.all (index 3)\n      at TestingInstanceLoader.createInstancesOfProviders (../node_modules/@nestjs/core/injector/instance-loader.js:55:9)\n      at ../node_modules/@nestjs/core/injector/instance-loader.js:40:13\n          at async Promise.all (index 1)\n      at TestingInstanceLoader.createInstances (../node_modules/@nestjs/core/injector/instance-loader.js:39:9)\n      at TestingInstanceLoader.createInstancesOfDependencies (../node_modules/@nestjs/core/injector/instance-loader.js:22:13)\n      at TestingInstanceLoader.createInstancesOfDependencies (../node_modules/@nestjs/testing/testing-instance-loader.js:9:9)\n      at TestingModuleBuilder.createInstancesOfDependencies (../node_modules/@nestjs/testing/testing-module.builder.js:119:9)\n      at TestingModuleBuilder.compile (../node_modules/@nestjs/testing/testing-module.builder.js:74:9)\n      at Object.<anonymous> (api-keys/api-key.guard.spec.ts:18:35)\n\n  ● ApiKeyGuard › should throw UnauthorizedException if API key record is missing or inactive\n\n    Nest can't resolve dependencies of the ApiKeyGuard (PrismaService, ?). Please make sure that the argument ApiKeyExpirationService at index [1] is available in the RootTestModule module.\n\n    Potential solutions:\n    - Is RootTestModule a valid NestJS module?\n    - If ApiKeyExpirationService is a provider, is it part of the current RootTestModule?\n    - If ApiKeyExpirationService is exported from a separate @Module, is that module imported within RootTestModule?\n      @Module({\n        imports: [ /* the Module containing ApiKeyExpirationService */ ]\n      })\n\n    For more common dependency resolution issues, see: https://docs.nestjs.com/faq/common-errors\n\n      16 |     };\n      17 |\n    > 18 |     const module: TestingModule = await Test.createTestingModule({\n         |                                   ^\n      19 |       providers: [ApiKeyGuard, { provide: PrismaService, useValue: prisma }],\n      20 |     }).compile();\n      21 |\n\n      at TestingInjector.lookupComponentInParentModules (../node_modules/@nestjs/core/injector/injector.js:300:19)\n      at TestingInjector.resolveComponentWrapper (../node_modules/@nestjs/testing/testing-injector.js:19:45)\n      at resolveParam (../node_modules/@nestjs/core/injector/injector.js:150:38)\n          at async Promise.all (index 1)\n      at TestingInjector.resolveConstructorParams (../node_modules/@nestjs/core/injector/injector.js:179:27)\n      at TestingInjector.loadInstance (../node_modules/@nestjs/core/injector/injector.js:77:13)\n      at TestingInjector.loadProvider (../node_modules/@nestjs/core/injector/injector.js:111:9)\n      at ../node_modules/@nestjs/core/injector/instance-loader.js:56:13\n          at async Promise.all (index 3)\n      at TestingInstanceLoader.createInstancesOfProviders (../node_modules/@nestjs/core/injector/instance-loader.js:55:9)\n      at ../node_modules/@nestjs/core/injector/instance-loader.js:40:13\n          at async Promise.all (index 1)\n      at TestingInstanceLoader.createInstances (../node_modules/@nestjs/core/injector/instance-loader.js:39:9)\n      at TestingInstanceLoader.createInstancesOfDependencies (../node_modules/@nestjs/core/injector/instance-loader.js:22:13)\n      at TestingInstanceLoader.createInstancesOfDependencies (../node_modules/@nestjs/testing/testing-instance-loader.js:9:9)\n      at TestingModuleBuilder.createInstancesOfDependencies (../node_modules/@nestjs/testing/testing-module.builder.js:119:9)\n      at TestingModuleBuilder.compile (../node_modules/@nestjs/testing/testing-module.builder.js:74:9)\n      at Object.<anonymous> (api-keys/api-key.guard.spec.ts:18:35)\n\n  ● ApiKeyGuard › should return true and attach user if API key is active\n\n    Nest can't resolve dependencies of the ApiKeyGuard (PrismaService, ?). Please make sure that the argument ApiKeyExpirationService at index [1] is available in the RootTestModule module.\n\n    Potential solutions:\n    - Is RootTestModule a valid NestJS module?\n    - If ApiKeyExpirationService is a provider, is it part of the current RootTestModule?\n    - If ApiKeyExpirationService is exported from a separate @Module, is that module imported within RootTestModule?\n      @Module({\n        imports: [ /* the Module containing ApiKeyExpirationService */ ]\n      })\n\n    For more common dependency resolution issues, see: https://docs.nestjs.com/faq/common-errors\n\n      16 |     };\n      17 |\n    > 18 |     const module: TestingModule = await Test.createTestingModule({\n         |                                   ^\n      19 |       providers: [ApiKeyGuard, { provide: PrismaService, useValue: prisma }],\n      20 |     }).compile();\n      21 |\n\n      at TestingInjector.lookupComponentInParentModules (../node_modules/@nestjs/core/injector/injector.js:300:19)\n      at TestingInjector.resolveComponentWrapper (../node_modules/@nestjs/testing/testing-injector.js:19:45)\n      at resolveParam (../node_modules/@nestjs/core/injector/injector.js:150:38)\n          at async Promise.all (index 1)\n      at TestingInjector.resolveConstructorParams (../node_modules/@nestjs/core/injector/injector.js:179:27)\n      at TestingInjector.loadInstance (../node_modules/@nestjs/core/injector/injector.js:77:13)\n      at TestingInjector.loadProvider (../node_modules/@nestjs/core/injector/injector.js:111:9)\n      at ../node_modules/@nestjs/core/injector/instance-loader.js:56:13\n          at async Promise.all (index 3)\n      at TestingInstanceLoader.createInstancesOfProviders (../node_modules/@nestjs/core/injector/instance-loader.js:55:9)\n      at ../node_modules/@nestjs/core/injector/instance-loader.js:40:13\n          at async Promise.all (index 1)\n      at TestingInstanceLoader.createInstances (../node_modules/@nestjs/core/injector/instance-loader.js:39:9)\n      at TestingInstanceLoader.createInstancesOfDependencies (../node_modules/@nestjs/core/injector/instance-loader.js:22:13)\n      at TestingInstanceLoader.createInstancesOfDependencies (../node_modules/@nestjs/testing/testing-instance-loader.js:9:9)\n      at TestingModuleBuilder.createInstancesOfDependencies (../node_modules/@nestjs/testing/testing-module.builder.js:119:9)\n      at TestingModuleBuilder.compile (../node_modules/@nestjs/testing/testing-module.builder.js:74:9)\n      at Object.<anonymous> (api-keys/api-key.guard.spec.ts:18:35)\n","name":"/home/semicolon/Drip/ignition-pay/ignition-api/src/api-keys/api-key.guard.spec.ts","startTime":1784832839611,"status":"failed","summary":""},{"assertionResults":[{"ancestorTitles":["AddressesController"],"duration":46,"failing":false,"failureDetails":[],"failureMessages":[],"fullName":"AddressesController should be defined","invocations":1,"location":null,"numPassingAsserts":1,"retryReasons":[],"startAt":1784832844673,"status":"passed","title":"should be defined"},{"ancestorTitles":["AddressesController"],"duration":10,"failing":false,"failureDetails":[],"failureMessages":[],"fullName":"AddressesController create() should call addressesService.create","invocations":1,"location":null,"numPassingAsserts":2,"retryReasons":[],"startAt":1784832844720,"status":"passed","title":"create() should call addressesService.create"},{"ancestorTitles":["AddressesController"],"duration":8,"failing":false,"failureDetails":[],"failureMessages":[],"fullName":"AddressesController findAll() should call addressesService.findAll","invocations":1,"location":null,"numPassingAsserts":2,"retryReasons":[],"startAt":1784832844730,"status":"passed","title":"findAll() should call addressesService.findAll"},{"ancestorTitles":["AddressesController"],"duration":6,"failing":false,"failureDetails":[],"failureMessages":[],"fullName":"AddressesController findOne() should call addressesService.findOne","invocations":1,"location":null,"numPassingAsserts":2,"retryReasons":[],"startAt":1784832844739,"status":"passed","title":"findOne() should call addressesService.findOne"},{"ancestorTitles":["AddressesController"],"duration":7,"failing":false,"failureDetails":[],"failureMessages":[],"fullName":"AddressesController findByWallet() should call addressesService.findByWallet","invocations":1,"location":null,"numPassingAsserts":2,"retryReasons":[],"startAt":1784832844745,"status":"passed","title":"findByWallet() should call addressesService.findByWallet"},{"ancestorTitles":["AddressesController"],"duration":5,"failing":false,"failureDetails":[],"failureMessages":[],"fullName":"AddressesController update() should call addressesService.update","invocations":1,"location":null,"numPassingAsserts":2,"retryReasons":[],"startAt":1784832844752,"status":"passed","title":"update() should call addressesService.update"},{"ancestorTitles":["AddressesController"],"duration":5,"failing":false,"failureDetails":[],"failureMessages":[],"fullName":"AddressesController remove() should call addressesService.remove","invocations":1,"location":null,"numPassingAsserts":1,"retryReasons":[],"startAt":1784832844757,"status":"passed","title":"remove() should call addressesService.remove"},{"ancestorTitles":["AddressesController"],"duration":7,"failing":false,"failureDetails":[],"failureMessages":[],"fullName":"AddressesController generate() should call addressesService.generate","invocations":1,"location":null,"numPassingAsserts":2,"retryReasons":[],"startAt":1784832844762,"status":"passed","title":"generate() should call addressesService.generate"},{"ancestorTitles":["AddressesController"],"duration":11,"failing":false,"failureDetails":[],"failureMessages":[],"fullName":"AddressesController listByWallet() should call addressesService.listByWallet","invocations":1,"location":null,"numPassingAsserts":2,"retryReasons":[],"startAt":1784832844769,"status":"passed","title":"listByWallet() should call addressesService.listByWallet"}],"endTime":1784832844783,"message":"","name":"/home/semicolon/Drip/ignition-pay/ignition-api/src/addresses/addresses.controller.spec.ts","startTime":1784832839591,"status":"passed","summary":""},{"assertionResults":[{"ancestorTitles":["AddressesService","create"],"duration":10,"failing":false,"failureDetails":[],"failureMessages":[],"fullName":"AddressesService create creates an address","invocations":1,"location":null,"numPassingAsserts":4,"retryReasons":[],"startAt":1784832844758,"status":"passed","title":"creates an address"},{"ancestorTitles":["AddressesService","create"],"duration":104,"failing":false,"failureDetails":[],"failureMessages":[],"fullName":"AddressesService create throws ConflictException if address already exists","invocations":1,"location":null,"numPassingAsserts":1,"retryReasons":[],"startAt":1784832844769,"status":"passed","title":"throws ConflictException if address already exists"},{"ancestorTitles":["AddressesService","create"],"duration":8,"failing":false,"failureDetails":[],"failureMessages":[],"fullName":"AddressesService create sets allocatedAt when walletId is provided","invocations":1,"location":null,"numPassingAsserts":2,"retryReasons":[],"startAt":1784832844876,"status":"passed","title":"sets allocatedAt when walletId is provided"},{"ancestorTitles":["AddressesService","create"],"duration":5,"failing":false,"failureDetails":[],"failureMessages":[],"fullName":"AddressesService create throws NotFoundException if wallet does not exist","invocations":1,"location":null,"numPassingAsserts":1,"retryReasons":[],"startAt":1784832844885,"status":"passed","title":"throws NotFoundException if wallet does not exist"},{"ancestorTitles":["AddressesService","findAll"],"duration":4,"failing":false,"failureDetails":[],"failureMessages":[],"fullName":"AddressesService findAll returns all addresses","invocations":1,"location":null,"numPassingAsserts":2,"retryReasons":[],"startAt":1784832844892,"status":"passed","title":"returns all addresses"},{"ancestorTitles":["AddressesService","findOne"],"duration":1,"failing":false,"failureDetails":[],"failureMessages":[],"fullName":"AddressesService findOne returns an address by id","invocations":1,"location":null,"numPassingAsserts":1,"retryReasons":[],"startAt":1784832844896,"status":"passed","title":"returns an address by id"},{"ancestorTitles":["AddressesService","findOne"],"duration":2,"failing":false,"failureDetails":[],"failureMessages":[],"fullName":"AddressesService findOne throws NotFoundException for unknown id","invocations":1,"location":null,"numPassingAsserts":1,"retryReasons":[],"startAt":1784832844897,"status":"passed","title":"throws NotFoundException for unknown id"},{"ancestorTitles":["AddressesService","findByAddress"],"duration":1,"failing":false,"failureDetails":[],"failureMessages":[],"fullName":"AddressesService findByAddress returns an address by address string","invocations":1,"location":null,"numPassingAsserts":1,"retryReasons":[],"startAt":1784832844899,"status":"passed","title":"returns an address by address string"},{"ancestorTitles":["AddressesService","findByAddress"],"duration":1,"failing":false,"failureDetails":[],"failureMessages":[],"fullName":"AddressesService findByAddress throws NotFoundException for unknown address","invocations":1,"location":null,"numPassingAsserts":1,"retryReasons":[],"startAt":1784832844901,"status":"passed","title":"throws NotFoundException for unknown address"},{"ancestorTitles":["AddressesService","findByWallet"],"duration":2,"failing":false,"failureDetails":[],"failureMessages":[],"fullName":"AddressesService findByWallet returns addresses for a wallet","invocations":1,"location":null,"numPassingAsserts":2,"retryReasons":[],"startAt":1784832844902,"status":"passed","title":"returns addresses for a wallet"},{"ancestorTitles":["AddressesService","update"],"duration":2,"failing":false,"failureDetails":[],"failureMessages":[],"fullName":"AddressesService update updates an address","invocations":1,"location":null,"numPassingAsserts":2,"retryReasons":[],"startAt":1784832844905,"status":"passed","title":"updates an address"},{"ancestorTitles":["AddressesService","update"],"duration":1,"failing":false,"failureDetails":[],"failureMessages":[],"fullName":"AddressesService update sets allocatedAt when allocating previously unallocated address","invocations":1,"location":null,"numPassingAsserts":1,"retryReasons":[],"startAt":1784832844907,"status":"passed","title":"sets allocatedAt when allocating previously unallocated address"},{"ancestorTitles":["AddressesService","update"],"duration":1,"failing":false,"failureDetails":[],"failureMessages":[],"fullName":"AddressesService update throws NotFoundException if address does not exist","invocations":1,"location":null,"numPassingAsserts":1,"retryReasons":[],"startAt":1784832844908,"status":"passed","title":"throws NotFoundException if address does not exist"},{"ancestorTitles":["AddressesService","remove"],"duration":1,"failing":false,"failureDetails":[],"failureMessages":[],"fullName":"AddressesService remove deletes an address","invocations":1,"location":null,"numPassingAsserts":1,"retryReasons":[],"startAt":1784832844910,"status":"passed","title":"deletes an address"},{"ancestorTitles":["AddressesService","remove"],"duration":2,"failing":false,"failureDetails":[],"failureMessages":[],"fullName":"AddressesService remove throws NotFoundException if address does not exist","invocations":1,"location":null,"numPassingAsserts":1,"retryReasons":[],"startAt":1784832844911,"status":"passed","title":"throws NotFoundException if address does not exist"},{"ancestorTitles":["AddressesService","touchActivity"],"duration":1,"failing":false,"failureDetails":[],"failureMessages":[],"fullName":"AddressesService touchActivity updates lastActivityAt","invocations":1,"location":null,"numPassingAsserts":1,"retryReasons":[],"startAt":1784832844913,"status":"passed","title":"updates lastActivityAt"},{"ancestorTitles":["AddressesService","generate"],"duration":2,"failing":false,"failureDetails":[],"failureMessages":[],"fullName":"AddressesService generate generates and returns a new deposit address for a valid wallet","invocations":1,"location":null,"numPassingAsserts":5,"retryReasons":[],"startAt":1784832844914,"status":"passed","title":"generates and returns a new deposit address for a valid wallet"},{"ancestorTitles":["AddressesService","generate"],"duration":2,"failing":false,"failureDetails":[],"failureMessages":[],"fullName":"AddressesService generate persists the generated address via prisma.depositAddress.create","invocations":1,"location":null,"numPassingAsserts":1,"retryReasons":[],"startAt":1784832844916,"status":"passed","title":"persists the generated address via prisma.depositAddress.create"},{"ancestorTitles":["AddressesService","generate"],"duration":1,"failing":false,"failureDetails":[],"failureMessages":[],"fullName":"AddressesService generate throws NotFoundException when wallet does not exist","invocations":1,"location":null,"numPassingAsserts":1,"retryReasons":[],"startAt":1784832844918,"status":"passed","title":"throws NotFoundException when wallet does not exist"},{"ancestorTitles":["AddressesService","generate"],"duration":2,"failing":false,"failureDetails":[],"failureMessages":[],"fullName":"AddressesService generate throws NotFoundException when wallet belongs to a different user","invocations":1,"location":null,"numPassingAsserts":1,"retryReasons":[],"startAt":1784832844919,"status":"passed","title":"throws NotFoundException when wallet belongs to a different user"},{"ancestorTitles":["AddressesService","generate"],"duration":1,"failing":false,"failureDetails":[],"failureMessages":[],"fullName":"AddressesService generate retries if generated address already exists and succeeds on second attempt","invocations":1,"location":null,"numPassingAsserts":1,"retryReasons":[],"startAt":1784832844921,"status":"passed","title":"retries if generated address already exists and succeeds on second attempt"},{"ancestorTitles":["AddressesService","listByWallet"],"duration":2,"failing":false,"failureDetails":[],"failureMessages":[],"fullName":"AddressesService listByWallet returns all deposit addresses for a wallet","invocations":1,"location":null,"numPassingAsserts":2,"retryReasons":[],"startAt":1784832844922,"status":"passed","title":"returns all deposit addresses for a wallet"},{"ancestorTitles":["AddressesService","listByWallet"],"duration":2,"failing":false,"failureDetails":[],"failureMessages":[],"fullName":"AddressesService listByWallet throws NotFoundException if wallet not found","invocations":1,"location":null,"numPassingAsserts":1,"retryReasons":[],"startAt":1784832844924,"status":"passed","title":"throws NotFoundException if wallet not found"},{"ancestorTitles":["AddressesService","listByWallet"],"duration":1,"failing":false,"failureDetails":[],"failureMessages":[],"fullName":"AddressesService listByWallet throws NotFoundException if wallet belongs to another user","invocations":1,"location":null,"numPassingAsserts":1,"retryReasons":[],"startAt":1784832844926,"status":"passed","title":"throws NotFoundException if wallet belongs to another user"}],"endTime":1784832844930,"message":"","name":"/home/semicolon/Drip/ignition-pay/ignition-api/src/addresses/addresses.service.spec.ts","startTime":1784832843790,"status":"passed","summary":""},{"assertionResults":[{"ancestorTitles":["AuthVerifyController","verify"],"duration":34,"failing":false,"failureDetails":[],"failureMessages":[],"fullName":"AuthVerifyController verify rejects an invalid Stellar wallet address","invocations":1,"location":null,"numPassingAsserts":1,"retryReasons":[],"startAt":1784832845050,"status":"passed","title":"rejects an invalid Stellar wallet address"},{"ancestorTitles":["AuthVerifyController","verify"],"duration":3,"failing":false,"failureDetails":[],"failureMessages":[],"fullName":"AuthVerifyController verify rejects when signedChallenge or challenge is missing","invocations":1,"location":null,"numPassingAsserts":1,"retryReasons":[],"startAt":1784832845085,"status":"passed","title":"rejects when signedChallenge or challenge is missing"},{"ancestorTitles":["AuthVerifyController","verify"],"duration":9,"failing":false,"failureDetails":[],"failureMessages":[],"fullName":"AuthVerifyController verify rejects when the Ed25519 signature does not match","invocations":1,"location":null,"numPassingAsserts":1,"retryReasons":[],"startAt":1784832845088,"status":"passed","title":"rejects when the Ed25519 signature does not match"},{"ancestorTitles":["AuthVerifyController","verify"],"duration":5,"failing":false,"failureDetails":[],"failureMessages":[],"fullName":"AuthVerifyController verify upserts the user atomically in a transaction, opens a session, and mints a token pair (Issues #110, #130)","invocations":1,"location":null,"numPassingAsserts":5,"retryReasons":[],"startAt":1784832845098,"status":"passed","title":"upserts the user atomically in a transaction, opens a session, and mints a token pair (Issues #110, #130)"}],"endTime":1784832845104,"message":"","name":"/home/semicolon/Drip/ignition-pay/ignition-api/src/auth/auth-verify.controller.spec.ts","startTime":1784832843186,"status":"passed","summary":""},{"assertionResults":[{"ancestorTitles":["UsersController & AdminUsersController"],"duration":33,"failing":false,"failureDetails":[],"failureMessages":[],"fullName":"UsersController & AdminUsersController should be defined","invocations":1,"location":null,"numPassingAsserts":2,"retryReasons":[],"startAt":1784832845904,"status":"passed","title":"should be defined"},{"ancestorTitles":["UsersController & AdminUsersController","UsersController"],"duration":13,"failing":false,"failureDetails":[],"failureMessages":[],"fullName":"UsersController & AdminUsersController UsersController register() should call usersService.register","invocations":1,"location":null,"numPassingAsserts":2,"retryReasons":[],"startAt":1784832845937,"status":"passed","title":"register() should call usersService.register"},{"ancestorTitles":["UsersController & AdminUsersController","UsersController"],"duration":13,"failing":false,"failureDetails":[],"failureMessages":[],"fullName":"UsersController & AdminUsersController UsersController confirmEmail() should call usersService.confirmEmail","invocations":1,"location":null,"numPassingAsserts":2,"retryReasons":[],"startAt":1784832845950,"status":"passed","title":"confirmEmail() should call usersService.confirmEmail"},{"ancestorTitles":["UsersController & AdminUsersController","UsersController"],"duration":6,"failing":false,"failureDetails":[],"failureMessages":[],"fullName":"UsersController & AdminUsersController UsersController login() should call usersService.login","invocations":1,"location":null,"numPassingAsserts":2,"retryReasons":[],"startAt":1784832845964,"status":"passed","title":"login() should call usersService.login"},{"ancestorTitles":["UsersController & AdminUsersController","UsersController"],"duration":8,"failing":false,"failureDetails":[],"failureMessages":[],"fullName":"UsersController & AdminUsersController UsersController setupPassword() should call usersService.setupPassword","invocations":1,"location":null,"numPassingAsserts":2,"retryReasons":[],"startAt":1784832845970,"status":"passed","title":"setupPassword() should call usersService.setupPassword"},{"ancestorTitles":["UsersController & AdminUsersController","UsersController"],"duration":10,"failing":false,"failureDetails":[],"failureMessages":[],"fullName":"UsersController & AdminUsersController UsersController changePassword() should call usersService.changePassword","invocations":1,"location":null,"numPassingAsserts":2,"retryReasons":[],"startAt":1784832845980,"status":"passed","title":"changePassword() should call usersService.changePassword"},{"ancestorTitles":["UsersController & AdminUsersController","UsersController"],"duration":6,"failing":false,"failureDetails":[],"failureMessages":[],"fullName":"UsersController & AdminUsersController UsersController getMyProfile() should call usersService.getMyProfile","invocations":1,"location":null,"numPassingAsserts":2,"retryReasons":[],"startAt":1784832845990,"status":"passed","title":"getMyProfile() should call usersService.getMyProfile"},{"ancestorTitles":["UsersController & AdminUsersController","UsersController"],"duration":15,"failing":false,"failureDetails":[],"failureMessages":[],"fullName":"UsersController & AdminUsersController UsersController getMyPermissions() should call permissionsService.getUserPermissions","invocations":1,"location":null,"numPassingAsserts":2,"retryReasons":[],"startAt":1784832845996,"status":"passed","title":"getMyPermissions() should call permissionsService.getUserPermissions"},{"ancestorTitles":["UsersController & AdminUsersController","UsersController"],"duration":7,"failing":false,"failureDetails":[],"failureMessages":[],"fullName":"UsersController & AdminUsersController UsersController updateMyProfile() should call usersService.updateMyProfile","invocations":1,"location":null,"numPassingAsserts":2,"retryReasons":[],"startAt":1784832846011,"status":"passed","title":"updateMyProfile() should call usersService.updateMyProfile"},{"ancestorTitles":["UsersController & AdminUsersController","UsersController"],"duration":9,"failing":false,"failureDetails":[],"failureMessages":[],"fullName":"UsersController & AdminUsersController UsersController getProfile() should call usersService.getMyProfile","invocations":1,"location":null,"numPassingAsserts":2,"retryReasons":[],"startAt":1784832846019,"status":"passed","title":"getProfile() should call usersService.getMyProfile"},{"ancestorTitles":["UsersController & AdminUsersController","UsersController"],"duration":12,"failing":false,"failureDetails":[],"failureMessages":[],"fullName":"UsersController & AdminUsersController UsersController putProfile() should call usersService.updateMyProfile","invocations":1,"location":null,"numPassingAsserts":2,"retryReasons":[],"startAt":1784832846029,"status":"passed","title":"putProfile() should call usersService.updateMyProfile"},{"ancestorTitles":["UsersController & AdminUsersController","UsersController"],"duration":12,"failing":false,"failureDetails":[],"failureMessages":[],"fullName":"UsersController & AdminUsersController UsersController getPublicProfile() should call usersService.getPublicProfile","invocations":1,"location":null,"numPassingAsserts":2,"retryReasons":[],"startAt":1784832846041,"status":"passed","title":"getPublicProfile() should call usersService.getPublicProfile"},{"ancestorTitles":["UsersController & AdminUsersController","AdminUsersController"],"duration":10,"failing":false,"failureDetails":[],"failureMessages":[],"fullName":"UsersController & AdminUsersController AdminUsersController updateKYCStatus() should call usersService.updateKYCStatus","invocations":1,"location":null,"numPassingAsserts":2,"retryReasons":[],"startAt":1784832846056,"status":"passed","title":"updateKYCStatus() should call usersService.updateKYCStatus"},{"ancestorTitles":["UsersController & AdminUsersController","AdminUsersController"],"duration":16,"failing":false,"failureDetails":[],"failureMessages":[],"fullName":"UsersController & AdminUsersController AdminUsersController updateUserRole() should call usersService.updateUserRole","invocations":1,"location":null,"numPassingAsserts":2,"retryReasons":[],"startAt":1784832846067,"status":"passed","title":"updateUserRole() should call usersService.updateUserRole"},{"ancestorTitles":["UsersController & AdminUsersController","defensive walletAddress handling (Issue #127)"],"duration":95,"failing":false,"failureDetails":[],"failureMessages":[],"fullName":"UsersController & AdminUsersController defensive walletAddress handling (Issue #127) getMyProfile() throws UnauthorizedException when walletAddress is missing","invocations":1,"location":null,"numPassingAsserts":1,"retryReasons":[],"startAt":1784832846084,"status":"passed","title":"getMyProfile() throws UnauthorizedException when walletAddress is missing"},{"ancestorTitles":["UsersController & AdminUsersController","defensive walletAddress handling (Issue #127)"],"duration":22,"failing":false,"failureDetails":[],"failureMessages":[],"fullName":"UsersController & AdminUsersController defensive walletAddress handling (Issue #127) updateMyProfile() throws UnauthorizedException when walletAddress is missing","invocations":1,"location":null,"numPassingAsserts":1,"retryReasons":[],"startAt":1784832846179,"status":"passed","title":"updateMyProfile() throws UnauthorizedException when walletAddress is missing"},{"ancestorTitles":["UsersController & AdminUsersController","defensive walletAddress handling (Issue #127)"],"duration":10,"failing":false,"failureDetails":[],"failureMessages":[],"fullName":"UsersController & AdminUsersController defensive walletAddress handling (Issue #127) getProfile() throws UnauthorizedException when walletAddress is missing","invocations":1,"location":null,"numPassingAsserts":1,"retryReasons":[],"startAt":1784832846201,"status":"passed","title":"getProfile() throws UnauthorizedException when walletAddress is missing"},{"ancestorTitles":["UsersController & AdminUsersController","defensive walletAddress handling (Issue #127)"],"duration":12,"failing":false,"failureDetails":[],"failureMessages":[],"fullName":"UsersController & AdminUsersController defensive walletAddress handling (Issue #127) putProfile() throws UnauthorizedException when walletAddress is missing","invocations":1,"location":null,"numPassingAsserts":1,"retryReasons":[],"startAt":1784832846212,"status":"passed","title":"putProfile() throws UnauthorizedException when walletAddress is missing"},{"ancestorTitles":["UsersController & AdminUsersController","defensive walletAddress handling (Issue #127)"],"duration":12,"failing":false,"failureDetails":[],"failureMessages":[],"fullName":"UsersController & AdminUsersController defensive walletAddress handling (Issue #127) setupPassword() throws UnauthorizedException when walletAddress is missing","invocations":1,"location":null,"numPassingAsserts":1,"retryReasons":[],"startAt":1784832846224,"status":"passed","title":"setupPassword() throws UnauthorizedException when walletAddress is missing"},{"ancestorTitles":["UsersController & AdminUsersController","defensive walletAddress handling (Issue #127)"],"duration":14,"failing":false,"failureDetails":[],"failureMessages":[],"fullName":"UsersController & AdminUsersController defensive walletAddress handling (Issue #127) changePassword() throws UnauthorizedException when walletAddress is missing","invocations":1,"location":null,"numPassingAsserts":1,"retryReasons":[],"startAt":1784832846236,"status":"passed","title":"changePassword() throws UnauthorizedException when walletAddress is missing"},{"ancestorTitles":["UsersController & AdminUsersController","defensive walletAddress handling (Issue #127)"],"duration":14,"failing":false,"failureDetails":[],"failureMessages":[],"fullName":"UsersController & AdminUsersController defensive walletAddress handling (Issue #127) updateKYCStatus() throws UnauthorizedException when walletAddress is missing","invocations":1,"location":null,"numPassingAsserts":1,"retryReasons":[],"startAt":1784832846251,"status":"passed","title":"updateKYCStatus() throws UnauthorizedException when walletAddress is missing"}],"endTime":1784832846268,"message":"","name":"/home/semicolon/Drip/ignition-pay/ignition-api/src/users/users.controller.spec.ts","startTime":1784832844847,"status":"passed","summary":""},{"assertionResults":[{"ancestorTitles":["CampaignsController"],"duration":134,"failing":false,"failureDetails":[],"failureMessages":[],"fullName":"CampaignsController should be defined","invocations":1,"location":null,"numPassingAsserts":1,"retryReasons":[],"startAt":1784832846121,"status":"passed","title":"should be defined"},{"ancestorTitles":["CampaignsController","create"],"duration":37,"failing":false,"failureDetails":[],"failureMessages":[],"fullName":"CampaignsController create should call campaignsService.createCampaign","invocations":1,"location":null,"numPassingAsserts":2,"retryReasons":[],"startAt":1784832846258,"status":"passed","title":"should call campaignsService.createCampaign"},{"ancestorTitles":["CampaignsController","update"],"duration":26,"failing":false,"failureDetails":[],"failureMessages":[],"fullName":"CampaignsController update should call campaignsService.updateCampaign","invocations":1,"location":null,"numPassingAsserts":2,"retryReasons":[],"startAt":1784832846295,"status":"passed","title":"should call campaignsService.updateCampaign"},{"ancestorTitles":["CampaignsController","update"],"duration":75,"failing":false,"failureDetails":[],"failureMessages":[],"fullName":"CampaignsController update should throw BadRequestException if update contains forbidden fields","invocations":1,"location":null,"numPassingAsserts":1,"retryReasons":[],"startAt":1784832846321,"status":"passed","title":"should throw BadRequestException if update contains forbidden fields"},{"ancestorTitles":["CampaignsController","browseCampaigns"],"duration":37,"failing":false,"failureDetails":[],"failureMessages":[],"fullName":"CampaignsController browseCampaigns should return cached value if present","invocations":1,"location":null,"numPassingAsserts":3,"retryReasons":[],"startAt":1784832846399,"status":"passed","title":"should return cached value if present"},{"ancestorTitles":["CampaignsController","browseCampaigns"],"duration":17,"failing":false,"failureDetails":[],"failureMessages":[],"fullName":"CampaignsController browseCampaigns should fetch from service and cache result if not cached","invocations":1,"location":null,"numPassingAsserts":4,"retryReasons":[],"startAt":1784832846437,"status":"passed","title":"should fetch from service and cache result if not cached"}],"endTime":1784832846456,"message":"","name":"/home/semicolon/Drip/ignition-pay/ignition-api/src/campaigns/campaigns.controller.spec.ts","startTime":1784832845133,"status":"passed","summary":""},{"assertionResults":[{"ancestorTitles":["AuthChallengeController"],"duration":21,"failing":false,"failureDetails":[],"failureMessages":[],"fullName":"AuthChallengeController should be defined","invocations":1,"location":null,"numPassingAsserts":1,"retryReasons":[],"startAt":1784832846624,"status":"passed","title":"should be defined"},{"ancestorTitles":["AuthChallengeController"],"duration":22,"failing":false,"failureDetails":[],"failureMessages":[],"fullName":"AuthChallengeController getChallenge() should return a challenge from the service","invocations":1,"location":null,"numPassingAsserts":2,"retryReasons":[],"startAt":1784832846647,"status":"passed","title":"getChallenge() should return a challenge from the service"}],"endTime":1784832846671,"message":"","name":"/home/semicolon/Drip/ignition-pay/ignition-api/src/auth/auth-challenge.controller.spec.ts","startTime":1784832844947,"status":"passed","summary":""},{"assertionResults":[{"ancestorTitles":["Session Module","SessionService"],"duration":77,"failing":false,"failureDetails":[],"failureMessages":[],"fullName":"Session Module SessionService should generate random session id","invocations":1,"location":null,"numPassingAsserts":2,"retryReasons":[],"startAt":1784832847326,"status":"passed","title":"should generate random session id"},{"ancestorTitles":["Session Module","SessionService"],"duration":23,"failing":false,"failureDetails":[],"failureMessages":[],"fullName":"Session Module SessionService should create and save a session","invocations":1,"location":null,"numPassingAsserts":3,"retryReasons":[],"startAt":1784832847409,"status":"passed","title":"should create and save a session"},{"ancestorTitles":["Session Module","SessionService"],"duration":34,"failing":false,"failureDetails":[],"failureMessages":[],"fullName":"Session Module SessionService should get session from cache","invocations":1,"location":null,"numPassingAsserts":1,"retryReasons":[],"startAt":1784832847433,"status":"passed","title":"should get session from cache"},{"ancestorTitles":["Session Module","SessionService"],"duration":18,"failing":false,"failureDetails":[],"failureMessages":[],"fullName":"Session Module SessionService should return null and revoke if session is expired","invocations":1,"location":null,"numPassingAsserts":2,"retryReasons":[],"startAt":1784832847470,"status":"passed","title":"should return null and revoke if session is expired"},{"ancestorTitles":["Session Module","SessionService"],"duration":21,"failing":false,"failureDetails":[],"failureMessages":[],"fullName":"Session Module SessionService should handle invalid json in getSession","invocations":1,"location":null,"numPassingAsserts":1,"retryReasons":[],"startAt":1784832847491,"status":"passed","title":"should handle invalid json in getSession"},{"ancestorTitles":["Session Module","SessionService"],"duration":7,"failing":false,"failureDetails":[],"failureMessages":[],"fullName":"Session Module SessionService should touch session to slide TTL","invocations":1,"location":null,"numPassingAsserts":1,"retryReasons":[],"startAt":1784832847513,"status":"passed","title":"should touch session to slide TTL"},{"ancestorTitles":["Session Module","SessionService"],"duration":11,"failing":false,"failureDetails":[],"failureMessages":[],"fullName":"Session Module SessionService should revoke all sessions","invocations":1,"location":null,"numPassingAsserts":3,"retryReasons":[],"startAt":1784832847520,"status":"passed","title":"should revoke all sessions"},{"ancestorTitles":["Session Module","SessionService"],"duration":9,"failing":false,"failureDetails":[],"failureMessages":[],"fullName":"Session Module SessionService should get active sessions and prune stale ones","invocations":1,"location":null,"numPassingAsserts":3,"retryReasons":[],"startAt":1784832847531,"status":"passed","title":"should get active sessions and prune stale ones"},{"ancestorTitles":["Session Module","SessionController"],"duration":8,"failing":false,"failureDetails":[],"failureMessages":[],"fullName":"Session Module SessionController listSessions() should return formatted sessions","invocations":1,"location":null,"numPassingAsserts":1,"retryReasons":[],"startAt":1784832847540,"status":"passed","title":"listSessions() should return formatted sessions"},{"ancestorTitles":["Session Module","SessionController"],"duration":12,"failing":false,"failureDetails":[],"failureMessages":[],"fullName":"Session Module SessionController revokeSession() should revoke session if it belongs to user","invocations":1,"location":null,"numPassingAsserts":1,"retryReasons":[],"startAt":1784832847549,"status":"passed","title":"revokeSession() should revoke session if it belongs to user"},{"ancestorTitles":["Session Module","SessionController"],"duration":67,"failing":false,"failureDetails":[],"failureMessages":[],"fullName":"Session Module SessionController revokeSession() should throw UnauthorizedException if req.user is missing","invocations":1,"location":null,"numPassingAsserts":1,"retryReasons":[],"startAt":1784832847561,"status":"passed","title":"revokeSession() should throw UnauthorizedException if req.user is missing"},{"ancestorTitles":["Session Module","SessionController"],"duration":5,"failing":false,"failureDetails":[],"failureMessages":[],"fullName":"Session Module SessionController revokeAllSessions() should revoke all user sessions","invocations":1,"location":null,"numPassingAsserts":1,"retryReasons":[],"startAt":1784832847628,"status":"passed","title":"revokeAllSessions() should revoke all user sessions"},{"ancestorTitles":["Session Module","SessionGuard"],"duration":13,"failing":false,"failureDetails":[],"failureMessages":[],"fullName":"Session Module SessionGuard should throw UnauthorizedException if authorization header is missing","invocations":1,"location":null,"numPassingAsserts":1,"retryReasons":[],"startAt":1784832847634,"status":"passed","title":"should throw UnauthorizedException if authorization header is missing"},{"ancestorTitles":["Session Module","SessionGuard"],"duration":18,"failing":false,"failureDetails":[],"failureMessages":[],"fullName":"Session Module SessionGuard should throw UnauthorizedException if authorization header does not start with Bearer","invocations":1,"location":null,"numPassingAsserts":1,"retryReasons":[],"startAt":1784832847647,"status":"passed","title":"should throw UnauthorizedException if authorization header does not start with Bearer"},{"ancestorTitles":["Session Module","SessionGuard"],"duration":10,"failing":false,"failureDetails":[],"failureMessages":[],"fullName":"Session Module SessionGuard should throw UnauthorizedException if token verification fails","invocations":1,"location":null,"numPassingAsserts":1,"retryReasons":[],"startAt":1784832847666,"status":"passed","title":"should throw UnauthorizedException if token verification fails"},{"ancestorTitles":["Session Module","SessionGuard"],"duration":14,"failing":false,"failureDetails":[],"failureMessages":[],"fullName":"Session Module SessionGuard should throw UnauthorizedException if token lacks session id","invocations":1,"location":null,"numPassingAsserts":1,"retryReasons":[],"startAt":1784832847676,"status":"passed","title":"should throw UnauthorizedException if token lacks session id"},{"ancestorTitles":["Session Module","SessionGuard"],"duration":9,"failing":false,"failureDetails":[],"failureMessages":[],"fullName":"Session Module SessionGuard should throw UnauthorizedException if session is not active in cache","invocations":1,"location":null,"numPassingAsserts":1,"retryReasons":[],"startAt":1784832847691,"status":"passed","title":"should throw UnauthorizedException if session is not active in cache"},{"ancestorTitles":["Session Module","SessionGuard"],"duration":15,"failing":false,"failureDetails":[],"failureMessages":[],"fullName":"Session Module SessionGuard should return true and attach user if session is active","invocations":1,"location":null,"numPassingAsserts":3,"retryReasons":[],"startAt":1784832847700,"status":"passed","title":"should return true and attach user if session is active"}],"endTime":1784832847718,"message":"","name":"/home/semicolon/Drip/ignition-pay/ignition-api/src/session/session.spec.ts","startTime":1784832846307,"status":"passed","summary":""},{"assertionResults":[{"ancestorTitles":["Health Module","RedisHealthIndicator"],"duration":20,"failing":false,"failureDetails":[],"failureMessages":[],"fullName":"Health Module RedisHealthIndicator isHealthy() should return status true if ping succeeds","invocations":1,"location":null,"numPassingAsserts":1,"retryReasons":[],"startAt":1784832847818,"status":"passed","title":"isHealthy() should return status true if ping succeeds"},{"ancestorTitles":["Health Module","RedisHealthIndicator"],"duration":26,"failing":false,"failureDetails":[],"failureMessages":[],"fullName":"Health Module RedisHealthIndicator isHealthy() should throw HealthCheckError if ping fails","invocations":1,"location":null,"numPassingAsserts":1,"retryReasons":[],"startAt":1784832847839,"status":"passed","title":"isHealthy() should throw HealthCheckError if ping fails"},{"ancestorTitles":["Health Module","HealthController"],"duration":5,"failing":false,"failureDetails":[],"failureMessages":[],"fullName":"Health Module HealthController check() should call health.check","invocations":1,"location":null,"numPassingAsserts":4,"retryReasons":[],"startAt":1784832847866,"status":"passed","title":"check() should call health.check"},{"ancestorTitles":["Health Module","HealthController"],"duration":5,"failing":false,"failureDetails":[],"failureMessages":[],"fullName":"Health Module HealthController ready() should call check()","invocations":1,"location":null,"numPassingAsserts":2,"retryReasons":[],"startAt":1784832847871,"status":"passed","title":"ready() should call check()"}],"endTime":1784832847879,"message":"","name":"/home/semicolon/Drip/ignition-pay/ignition-api/src/health/health.spec.ts","startTime":1784832846516,"status":"passed","summary":""},{"assertionResults":[{"ancestorTitles":["WalletsController"],"duration":15,"failing":false,"failureDetails":[],"failureMessages":[],"fullName":"WalletsController should be defined","invocations":1,"location":null,"numPassingAsserts":1,"retryReasons":[],"startAt":1784832847969,"status":"passed","title":"should be defined"},{"ancestorTitles":["WalletsController","createWallet"],"duration":7,"failing":false,"failureDetails":[],"failureMessages":[],"fullName":"WalletsController createWallet should call walletsService.createWallet","invocations":1,"location":null,"numPassingAsserts":2,"retryReasons":[],"startAt":1784832847984,"status":"passed","title":"should call walletsService.createWallet"},{"ancestorTitles":["WalletsController","getBalance"],"duration":6,"failing":false,"failureDetails":[],"failureMessages":[],"fullName":"WalletsController getBalance should call walletsService.getBalanceAndRecentTransactions","invocations":1,"location":null,"numPassingAsserts":2,"retryReasons":[],"startAt":1784832847991,"status":"passed","title":"should call walletsService.getBalanceAndRecentTransactions"},{"ancestorTitles":["WalletsController","getBalance"],"duration":15,"failing":false,"failureDetails":[],"failureMessages":[],"fullName":"WalletsController getBalance should throw BadRequestException if id is missing","invocations":1,"location":null,"numPassingAsserts":1,"retryReasons":[],"startAt":1784832847998,"status":"passed","title":"should throw BadRequestException if id is missing"}],"endTime":1784832848014,"message":"","name":"/home/semicolon/Drip/ignition-pay/ignition-api/src/wallets/wallets.controller.spec.ts","startTime":1784832846755,"status":"passed","summary":""},{"assertionResults":[{"ancestorTitles":["UsersService password security"],"duration":8,"failing":false,"failureDetails":[],"failureMessages":[],"fullName":"UsersService password security sets a first password, stores history, and returns success","invocations":1,"location":null,"numPassingAsserts":4,"retryReasons":[],"startAt":1784832848177,"status":"passed","title":"sets a first password, stores history, and returns success"},{"ancestorTitles":["UsersService password security"],"duration":2,"failing":false,"failureDetails":[],"failureMessages":[],"fullName":"UsersService password security rejects setup when a password already exists","invocations":1,"location":null,"numPassingAsserts":1,"retryReasons":[],"startAt":1784832848185,"status":"passed","title":"rejects setup when a password already exists"},{"ancestorTitles":["UsersService password security"],"duration":2,"failing":false,"failureDetails":[],"failureMessages":[],"fullName":"UsersService password security rejects weak setup passwords before hashing","invocations":1,"location":null,"numPassingAsserts":2,"retryReasons":[],"startAt":1784832848187,"status":"passed","title":"rejects weak setup passwords before hashing"},{"ancestorTitles":["UsersService password security"],"duration":2,"failing":false,"failureDetails":[],"failureMessages":[],"fullName":"UsersService password security changes password when current password is valid","invocations":1,"location":null,"numPassingAsserts":2,"retryReasons":[],"startAt":1784832848189,"status":"passed","title":"changes password when current password is valid"},{"ancestorTitles":["UsersService password security"],"duration":2,"failing":false,"failureDetails":[],"failureMessages":[],"fullName":"UsersService password security rejects change when current password is invalid","invocations":1,"location":null,"numPassingAsserts":2,"retryReasons":[],"startAt":1784832848191,"status":"passed","title":"rejects change when current password is invalid"},{"ancestorTitles":["UsersService password security"],"duration":2,"failing":false,"failureDetails":[],"failureMessages":[],"fullName":"UsersService password security rejects reuse of any of the last five passwords","invocations":1,"location":null,"numPassingAsserts":2,"retryReasons":[],"startAt":1784832848193,"status":"passed","title":"rejects reuse of any of the last five passwords"},{"ancestorTitles":["UsersService password security"],"duration":2,"failing":false,"failureDetails":[],"failureMessages":[],"fullName":"UsersService password security prunes password history to the five newest records","invocations":1,"location":null,"numPassingAsserts":1,"retryReasons":[],"startAt":1784832848195,"status":"passed","title":"prunes password history to the five newest records"},{"ancestorTitles":["UsersService login"],"duration":3,"failing":false,"failureDetails":[],"failureMessages":[],"fullName":"UsersService login stores refresh token in Redis on successful login","invocations":1,"location":null,"numPassingAsserts":1,"retryReasons":[],"startAt":1784832848197,"status":"passed","title":"stores refresh token in Redis on successful login"},{"ancestorTitles":["UsersService profile calculations","getMyProfile"],"duration":5,"failing":false,"failureDetails":[],"failureMessages":[],"fullName":"UsersService profile calculations getMyProfile returns full profile with aggregated stats from related campaigns and donations","invocations":1,"location":null,"numPassingAsserts":16,"retryReasons":[],"startAt":1784832848200,"status":"passed","title":"returns full profile with aggregated stats from related campaigns and donations"},{"ancestorTitles":["UsersService profile calculations","getMyProfile"],"duration":2,"failing":false,"failureDetails":[],"failureMessages":[],"fullName":"UsersService profile calculations getMyProfile only counts ACTIVE campaigns and excludes DRAFT or COMPLETED","invocations":1,"location":null,"numPassingAsserts":2,"retryReasons":[],"startAt":1784832848205,"status":"passed","title":"only counts ACTIVE campaigns and excludes DRAFT or COMPLETED"},{"ancestorTitles":["UsersService profile calculations","getMyProfile"],"duration":1,"failing":false,"failureDetails":[],"failureMessages":[],"fullName":"UsersService profile calculations getMyProfile returns zero stats when user has no campaigns or donations","invocations":1,"location":null,"numPassingAsserts":3,"retryReasons":[],"startAt":1784832848207,"status":"passed","title":"returns zero stats when user has no campaigns or donations"},{"ancestorTitles":["UsersService profile calculations","getMyProfile"],"duration":1,"failing":false,"failureDetails":[],"failureMessages":[],"fullName":"UsersService profile calculations getMyProfile returns zero stats when user has no active campaigns but has non-active ones","invocations":1,"location":null,"numPassingAsserts":2,"retryReasons":[],"startAt":1784832848209,"status":"passed","title":"returns zero stats when user has no active campaigns but has non-active ones"},{"ancestorTitles":["UsersService profile calculations","getMyProfile"],"duration":55,"failing":false,"failureDetails":[],"failureMessages":[],"fullName":"UsersService profile calculations getMyProfile throws NotFoundException when user is not found","invocations":1,"location":null,"numPassingAsserts":1,"retryReasons":[],"startAt":1784832848210,"status":"passed","title":"throws NotFoundException when user is not found"},{"ancestorTitles":["UsersService profile calculations","getMyProfile"],"duration":1,"failing":false,"failureDetails":[],"failureMessages":[],"fullName":"UsersService profile calculations getMyProfile queries with walletAddress and deletedAt:null filter","invocations":1,"location":null,"numPassingAsserts":1,"retryReasons":[],"startAt":1784832848265,"status":"passed","title":"queries with walletAddress and deletedAt:null filter"},{"ancestorTitles":["UsersService profile calculations","getMyProfile"],"duration":3,"failing":false,"failureDetails":[],"failureMessages":[],"fullName":"UsersService profile calculations getMyProfile handles undefined optional fields","invocations":1,"location":null,"numPassingAsserts":7,"retryReasons":[],"startAt":1784832848266,"status":"passed","title":"handles undefined optional fields"},{"ancestorTitles":["UsersService profile calculations","updateMyProfile"],"duration":2,"failing":false,"failureDetails":[],"failureMessages":[],"fullName":"UsersService profile calculations updateMyProfile updates allowed fields and returns profile with recalculated stats","invocations":1,"location":null,"numPassingAsserts":5,"retryReasons":[],"startAt":1784832848269,"status":"passed","title":"updates allowed fields and returns profile with recalculated stats"},{"ancestorTitles":["UsersService profile calculations","updateMyProfile"],"duration":1,"failing":false,"failureDetails":[],"failureMessages":[],"fullName":"UsersService profile calculations updateMyProfile throws NotFoundException when user does not exist","invocations":1,"location":null,"numPassingAsserts":1,"retryReasons":[],"startAt":1784832848272,"status":"passed","title":"throws NotFoundException when user does not exist"},{"ancestorTitles":["UsersService profile calculations","updateMyProfile"],"duration":2,"failing":false,"failureDetails":[],"failureMessages":[],"fullName":"UsersService profile calculations updateMyProfile throws BadRequestException when new email is already taken","invocations":1,"location":null,"numPassingAsserts":1,"retryReasons":[],"startAt":1784832848273,"status":"passed","title":"throws BadRequestException when new email is already taken"},{"ancestorTitles":["UsersService profile calculations","updateMyProfile"],"duration":1,"failing":false,"failureDetails":[],"failureMessages":[],"fullName":"UsersService profile calculations updateMyProfile throws BadRequestException when preferences JSON is invalid","invocations":1,"location":null,"numPassingAsserts":1,"retryReasons":[],"startAt":1784832848276,"status":"passed","title":"throws BadRequestException when preferences JSON is invalid"},{"ancestorTitles":["UsersService profile calculations","updateMyProfile"],"duration":2,"failing":false,"failureDetails":[],"failureMessages":[],"fullName":"UsersService profile calculations updateMyProfile throws BadRequestException when socialLinks JSON is invalid","invocations":1,"location":null,"numPassingAssert
[...]
Address is missing"},{"ancestorTitles":["AdminGuard"],"duration":29,"failing":false,"failureDetails":[],"failureMessages":[],"fullName":"AdminGuard should throw ForbiddenException if user is not in database","invocations":1,"location":null,"numPassingAsserts":1,"retryReasons":[],"startAt":1784832852484,"status":"passed","title":"should throw ForbiddenException if user is not in database"},{"ancestorTitles":["AdminGuard"],"duration":28,"failing":false,"failureDetails":[],"failureMessages":[],"fullName":"AdminGuard should throw ForbiddenException if user is not an admin","invocations":1,"location":null,"numPassingAsserts":1,"retryReasons":[],"startAt":1784832852517,"status":"passed","title":"should throw ForbiddenException if user is not an admin"},{"ancestorTitles":["AdminGuard"],"duration":25,"failing":false,"failureDetails":[],"failureMessages":[],"fullName":"AdminGuard should return true if user is admin","invocations":1,"location":null,"numPassingAsserts":1,"retryReasons":[],"startAt":1784832852546,"status":"passed","title":"should return true if user is admin"}],"endTime":1784832852574,"message":"","name":"/home/semicolon/Drip/ignition-pay/ignition-api/src/users/guards/admin.guard.spec.ts","startTime":1784832851804,"status":"passed","summary":""},{"assertionResults":[{"ancestorTitles":["assertStrongPassword"],"duration":9,"failing":false,"failureDetails":[],"failureMessages":[],"fullName":"assertStrongPassword accepts passwords that satisfy the balanced policy","invocations":1,"location":null,"numPassingAsserts":1,"retryReasons":[],"startAt":1784832852831,"status":"passed","title":"accepts passwords that satisfy the balanced policy"},{"ancestorTitles":["assertStrongPassword"],"duration":39,"failing":false,"failureDetails":[],"failureMessages":[],"fullName":"assertStrongPassword rejects passwords shorter than 12 characters","invocations":1,"location":null,"numPassingAsserts":1,"retryReasons":[],"startAt":1784832852841,"status":"passed","title":"rejects passwords shorter than 12 characters"},{"ancestorTitles":["assertStrongPassword"],"duration":8,"failing":false,"failureDetails":[],"failureMessages":[],"fullName":"assertStrongPassword rejects passwords missing required character categories","invocations":1,"location":null,"numPassingAsserts":1,"retryReasons":[],"startAt":1784832852881,"status":"passed","title":"rejects passwords missing required character categories"},{"ancestorTitles":["assertStrongPassword"],"duration":5,"failing":false,"failureDetails":[],"failureMessages":[],"fullName":"assertStrongPassword rejects passwords containing personal account fragments","invocations":1,"location":null,"numPassingAsserts":1,"retryReasons":[],"startAt":1784832852889,"status":"passed","title":"rejects passwords containing personal account fragments"},{"ancestorTitles":["assertStrongPassword"],"duration":3,"failing":false,"failureDetails":[],"failureMessages":[],"fullName":"assertStrongPassword rejects passwords containing wallet address fragments","invocations":1,"location":null,"numPassingAsserts":1,"retryReasons":[],"startAt":1784832852894,"status":"passed","title":"rejects passwords containing wallet address fragments"}],"endTime":1784832852901,"message":"","name":"/home/semicolon/Drip/ignition-pay/ignition-api/src/users/password-policy.spec.ts","startTime":1784832852370,"status":"passed","summary":""},{"assertionResults":[{"ancestorTitles":["TransactionsService"],"duration":9,"failing":false,"failureDetails":[],"failureMessages":[],"fullName":"TransactionsService returns paginated transactions with defaults","invocations":1,"location":null,"numPassingAsserts":5,"retryReasons":[],"startAt":1784832852972,"status":"passed","title":"returns paginated transactions with defaults"},{"ancestorTitles":["TransactionsService"],"duration":5,"failing":false,"failureDetails":[],"failureMessages":[],"fullName":"TransactionsService maps amount to number and sets type from assetCode","invocations":1,"location":null,"numPassingAsserts":2,"retryReasons":[],"startAt":1784832852983,"status":"passed","title":"maps amount to number and sets type from assetCode"},{"ancestorTitles":["TransactionsService"],"duration":3,"failing":false,"failureDetails":[],"failureMessages":[],"fullName":"TransactionsService applies status filter","invocations":1,"location":null,"numPassingAsserts":1,"retryReasons":[],"startAt":1784832852989,"status":"passed","title":"applies status filter"},{"ancestorTitles":["TransactionsService"],"duration":2,"failing":false,"failureDetails":[],"failureMessages":[],"fullName":"TransactionsService applies date range filter","invocations":1,"location":null,"numPassingAsserts":2,"retryReasons":[],"startAt":1784832852993,"status":"passed","title":"applies date range filter"},{"ancestorTitles":["TransactionsService"],"duration":14,"failing":false,"failureDetails":[],"failureMessages":[],"fullName":"TransactionsService applies type filter via assetCode","invocations":1,"location":null,"numPassingAsserts":1,"retryReasons":[],"startAt":1784832852995,"status":"passed","title":"applies type filter via assetCode"},{"ancestorTitles":["TransactionsService"],"duration":2,"failing":false,"failureDetails":[],"failureMessages":[],"fullName":"TransactionsService calculates correct skip for page 2","invocations":1,"location":null,"numPassingAsserts":1,"retryReasons":[],"startAt":1784832853010,"status":"passed","title":"calculates correct skip for page 2"},{"ancestorTitles":["TransactionsService"],"duration":3,"failing":false,"failureDetails":[],"failureMessages":[],"fullName":"TransactionsService returns empty data array when no transactions","invocations":1,"location":null,"numPassingAsserts":2,"retryReasons":[],"startAt":1784832853013,"status":"passed","title":"returns empty data array when no transactions"}],"endTime":1784832853018,"message":"","name":"/home/semicolon/Drip/ignition-pay/ignition-api/src/transactions/transactions.service.spec.ts","startTime":1784832852610,"status":"passed","summary":""},{"assertionResults":[{"ancestorTitles":["PrismaService"],"duration":107,"failing":false,"failureDetails":[],"failureMessages":[],"fullName":"PrismaService should be defined","invocations":1,"location":null,"numPassingAsserts":1,"retryReasons":[],"startAt":1784832853220,"status":"passed","title":"should be defined"},{"ancestorTitles":["PrismaService"],"duration":51,"failing":false,"failureDetails":[],"failureMessages":[],"fullName":"PrismaService should have onModuleInit method","invocations":1,"location":null,"numPassingAsserts":1,"retryReasons":[],"startAt":1784832853330,"status":"passed","title":"should have onModuleInit method"},{"ancestorTitles":["PrismaService"],"duration":37,"failing":false,"failureDetails":[],"failureMessages":[],"fullName":"PrismaService should have enableShutdownHooks method","invocations":1,"location":null,"numPassingAsserts":1,"retryReasons":[],"startAt":1784832853381,"status":"passed","title":"should have enableShutdownHooks method"}],"endTime":1784832853423,"message":"","name":"/home/semicolon/Drip/ignition-pay/ignition-api/src/prisma/prisma.service.spec.ts","startTime":1784832852264,"status":"passed","summary":""},{"assertionResults":[{"ancestorTitles":["AnalyticsService"],"duration":76,"failing":false,"failureDetails":[],"failureMessages":[],"fullName":"AnalyticsService should be defined","invocations":1,"location":null,"numPassingAsserts":1,"retryReasons":[],"startAt":1784832853663,"status":"passed","title":"should be defined"},{"ancestorTitles":["AnalyticsService"],"duration":13,"failing":false,"failureDetails":[],"failureMessages":[],"fullName":"AnalyticsService track() should log and add Sentry breadcrumb","invocations":1,"location":null,"numPassingAsserts":1,"retryReasons":[],"startAt":1784832853740,"status":"passed","title":"track() should log and add Sentry breadcrumb"},{"ancestorTitles":["AnalyticsService"],"duration":16,"failing":false,"failureDetails":[],"failureMessages":[],"fullName":"AnalyticsService identify() should set Sentry user and log","invocations":1,"location":null,"numPassingAsserts":1,"retryReasons":[],"startAt":1784832853754,"status":"passed","title":"identify() should set Sentry user and log"}],"endTime":1784832853789,"message":"","name":"/home/semicolon/Drip/ignition-pay/ignition-api/src/analytics/analytics.service.spec.ts","startTime":1784832853029,"status":"passed","summary":""},{"assertionResults":[{"ancestorTitles":["PermissionsService","getUserPermissions"],"duration":14,"failing":false,"failureDetails":[],"failureMessages":[],"fullName":"PermissionsService getUserPermissions returns permissions for USER role","invocations":1,"location":null,"numPassingAsserts":3,"retryReasons":[],"startAt":1784832853848,"status":"passed","title":"returns permissions for USER role"},{"ancestorTitles":["PermissionsService","getUserPermissions"],"duration":9,"failing":false,"failureDetails":[],"failureMessages":[],"fullName":"PermissionsService getUserPermissions returns all permissions for ADMIN role","invocations":1,"location":null,"numPassingAsserts":3,"retryReasons":[],"startAt":1784832853864,"status":"passed","title":"returns all permissions for ADMIN role"},{"ancestorTitles":["PermissionsService","getUserPermissions"],"duration":2,"failing":false,"failureDetails":[],"failureMessages":[],"fullName":"PermissionsService getUserPermissions CREATOR can create campaigns, USER cannot","invocations":1,"location":null,"numPassingAsserts":2,"retryReasons":[],"startAt":1784832853873,"status":"passed","title":"CREATOR can create campaigns, USER cannot"},{"ancestorTitles":["PermissionsService","getUserPermissions"],"duration":1,"failing":false,"failureDetails":[],"failureMessages":[],"fullName":"PermissionsService getUserPermissions returns empty array for unknown role","invocations":1,"location":null,"numPassingAsserts":1,"retryReasons":[],"startAt":1784832853876,"status":"passed","title":"returns empty array for unknown role"},{"ancestorTitles":["PermissionsService","hasPermission"],"duration":4,"failing":false,"failureDetails":[],"failureMessages":[],"fullName":"PermissionsService hasPermission returns true when role has permission","invocations":1,"location":null,"numPassingAsserts":1,"retryReasons":[],"startAt":1784832853877,"status":"passed","title":"returns true when role has permission"},{"ancestorTitles":["PermissionsService","hasPermission"],"duration":3,"failing":false,"failureDetails":[],"failureMessages":[],"fullName":"PermissionsService hasPermission returns false when role lacks permission","invocations":1,"location":null,"numPassingAsserts":1,"retryReasons":[],"startAt":1784832853881,"status":"passed","title":"returns false when role lacks permission"}],"endTime":1784832853888,"message":"","name":"/home/semicolon/Drip/ignition-pay/ignition-api/src/auth/permissions/permissions.service.spec.ts","startTime":1784832853494,"status":"passed","summary":""},{"assertionResults":[{"ancestorTitles":["PermissionsGuard"],"duration":7,"failing":false,"failureDetails":[],"failureMessages":[],"fullName":"PermissionsGuard passes when no permissions are required","invocations":1,"location":null,"numPassingAsserts":1,"retryReasons":[],"startAt":1784832853781,"status":"passed","title":"passes when no permissions are required"},{"ancestorTitles":["PermissionsGuard"],"duration":4,"failing":false,"failureDetails":[],"failureMessages":[],"fullName":"PermissionsGuard passes when USER has the required permission","invocations":1,"location":null,"numPassingAsserts":1,"retryReasons":[],"startAt":1784832853789,"status":"passed","title":"passes when USER has the required permission"},{"ancestorTitles":["PermissionsGuard"],"duration":98,"failing":false,"failureDetails":[],"failureMessages":[],"fullName":"PermissionsGuard throws ForbiddenException when USER lacks admin permission","invocations":1,"location":null,"numPassingAsserts":1,"retryReasons":[],"startAt":1784832853793,"status":"passed","title":"throws ForbiddenException when USER lacks admin permission"},{"ancestorTitles":["PermissionsGuard"],"duration":1,"failing":false,"failureDetails":[],"failureMessages":[],"fullName":"PermissionsGuard passes when ADMIN has any permission","invocations":1,"location":null,"numPassingAsserts":1,"retryReasons":[],"startAt":1784832853895,"status":"passed","title":"passes when ADMIN has any permission"},{"ancestorTitles":["PermissionsGuard"],"duration":13,"failing":false,"failureDetails":[],"failureMessages":[],"fullName":"PermissionsGuard throws ForbiddenException when user has no role","invocations":1,"location":null,"numPassingAsserts":1,"retryReasons":[],"startAt":1784832853896,"status":"passed","title":"throws ForbiddenException when user has no role"},{"ancestorTitles":["PermissionsGuard"],"duration":13,"failing":false,"failureDetails":[],"failureMessages":[],"fullName":"PermissionsGuard error message lists the required permissions","invocations":1,"location":null,"numPassingAsserts":1,"retryReasons":[],"startAt":1784832853916,"status":"passed","title":"error message lists the required permissions"}],"endTime":1784832853936,"message":"","name":"/home/semicolon/Drip/ignition-pay/ignition-api/src/auth/permissions/permissions.guard.spec.ts","startTime":1784832853050,"status":"passed","summary":""},{"assertionResults":[{"ancestorTitles":["GlobalExceptionFilter"],"duration":2,"failing":false,"failureDetails":[],"failureMessages":[],"fullName":"GlobalExceptionFilter should be defined","invocations":1,"location":null,"numPassingAsserts":1,"retryReasons":[],"startAt":1784832854210,"status":"passed","title":"should be defined"},{"ancestorTitles":["GlobalExceptionFilter"],"duration":3,"failing":false,"failureDetails":[],"failureMessages":[],"fullName":"GlobalExceptionFilter should handle HttpException correctly","invocations":1,"location":null,"numPassingAsserts":2,"retryReasons":[],"startAt":1784832854213,"status":"passed","title":"should handle HttpException correctly"},{"ancestorTitles":["GlobalExceptionFilter"],"duration":10,"failing":false,"failureDetails":[],"failureMessages":[],"fullName":"GlobalExceptionFilter should handle generic Error correctly and capture to Sentry","invocations":1,"location":null,"numPassingAsserts":3,"retryReasons":[],"startAt":1784832854216,"status":"passed","title":"should handle generic Error correctly and capture to Sentry"}],"endTime":1784832854227,"message":"","name":"/home/semicolon/Drip/ignition-pay/ignition-api/src/common/filters/global-exception.filter.spec.ts","startTime":1784832854028,"status":"passed","summary":""},{"assertionResults":[{"ancestorTitles":["ValidationExceptionFilter"],"duration":4,"failing":false,"failureDetails":[],"failureMessages":[],"fullName":"ValidationExceptionFilter should be defined","invocations":1,"location":null,"numPassingAsserts":1,"retryReasons":[],"startAt":1784832854466,"status":"passed","title":"should be defined"},{"ancestorTitles":["ValidationExceptionFilter"],"duration":6,"failing":false,"failureDetails":[],"failureMessages":[],"fullName":"ValidationExceptionFilter should flatten class-validator validation errors","invocations":1,"location":null,"numPassingAsserts":2,"retryReasons":[],"startAt":1784832854474,"status":"passed","title":"should flatten class-validator validation errors"},{"ancestorTitles":["ValidationExceptionFilter"],"duration":2,"failing":false,"failureDetails":[],"failureMessages":[],"fullName":"ValidationExceptionFilter should handle simple string messages","invocations":1,"location":null,"numPassingAsserts":1,"retryReasons":[],"startAt":1784832854480,"status":"passed","title":"should handle simple string messages"},{"ancestorTitles":["ValidationExceptionFilter"],"duration":2,"failing":false,"failureDetails":[],"failureMessages":[],"fullName":"ValidationExceptionFilter should handle non-array messages in object responses","invocations":1,"location":null,"numPassingAsserts":1,"retryReasons":[],"startAt":1784832854483,"status":"passed","title":"should handle non-array messages in object responses"}],"endTime":1784832854487,"message":"","name":"/home/semicolon/Drip/ignition-pay/ignition-api/src/common/validation-exception.filter.spec.ts","startTime":1784832853935,"status":"passed","summary":""},{"assertionResults":[{"ancestorTitles":["UpdateUserDto"],"duration":13,"failing":false,"failureDetails":[],"failureMessages":[],"fullName":"UpdateUserDto rejects preferences with invalid JSON","invocations":1,"location":null,"numPassingAsserts":1,"retryReasons":[],"startAt":1784832854514,"status":"passed","title":"rejects preferences with invalid JSON"},{"ancestorTitles":["UpdateUserDto"],"duration":3,"failing":false,"failureDetails":[],"failureMessages":[],"fullName":"UpdateUserDto rejects oversized preferences JSON","invocations":1,"location":null,"numPassingAsserts":1,"retryReasons":[],"startAt":1784832854528,"status":"passed","title":"rejects oversized preferences JSON"},{"ancestorTitles":["UpdateUserDto"],"duration":3,"failing":false,"failureDetails":[],"failureMessages":[],"fullName":"UpdateUserDto rejects bio containing HTML tags","invocations":1,"location":null,"numPassingAsserts":1,"retryReasons":[],"startAt":1784832854532,"status":"passed","title":"rejects bio containing HTML tags"},{"ancestorTitles":["UpdateUserDto"],"duration":2,"failing":false,"failureDetails":[],"failureMessages":[],"fullName":"UpdateUserDto accepts valid bio","invocations":1,"location":null,"numPassingAsserts":1,"retryReasons":[],"startAt":1784832854535,"status":"passed","title":"accepts valid bio"},{"ancestorTitles":["UpdateUserDto"],"duration":1,"failing":false,"failureDetails":[],"failureMessages":[],"fullName":"UpdateUserDto rejects name with HTML tags","invocations":1,"location":null,"numPassingAsserts":1,"retryReasons":[],"startAt":1784832854537,"status":"passed","title":"rejects name with HTML tags"},{"ancestorTitles":["UpdateUserDto"],"duration":1,"failing":false,"failureDetails":[],"failureMessages":[],"fullName":"UpdateUserDto accepts valid name","invocations":1,"location":null,"numPassingAsserts":1,"retryReasons":[],"startAt":1784832854538,"status":"passed","title":"accepts valid name"},{"ancestorTitles":["UpdateUserDto"],"duration":1,"failing":false,"failureDetails":[],"failureMessages":[],"fullName":"UpdateUserDto rejects socialLinks with invalid JSON","invocations":1,"location":null,"numPassingAsserts":1,"retryReasons":[],"startAt":1784832854540,"status":"passed","title":"rejects socialLinks with invalid JSON"},{"ancestorTitles":["UpdateKYCStatusDto"],"duration":1,"failing":false,"failureDetails":[],"failureMessages":[],"fullName":"UpdateKYCStatusDto accepts VERIFIED without reason","invocations":1,"location":null,"numPassingAsserts":1,"retryReasons":[],"startAt":1784832854541,"status":"passed","title":"accepts VERIFIED without reason"},{"ancestorTitles":["UpdateKYCStatusDto"],"duration":1,"failing":false,"failureDetails":[],"failureMessages":[],"fullName":"UpdateKYCStatusDto rejects REJECTED with empty reason","invocations":1,"location":null,"numPassingAsserts":1,"retryReasons":[],"startAt":1784832854543,"status":"passed","title":"rejects REJECTED with empty reason"},{"ancestorTitles":["UpdateKYCStatusDto"],"duration":3,"failing":false,"failureDetails":[],"failureMessages":[],"fullName":"UpdateKYCStatusDto accepts REJECTED with non-empty reason","invocations":1,"location":null,"numPassingAsserts":1,"retryReasons":[],"startAt":1784832854544,"status":"passed","title":"accepts REJECTED with non-empty reason"},{"ancestorTitles":["UpdateKYCStatusDto"],"duration":1,"failing":false,"failureDetails":[],"failureMessages":[],"fullName":"UpdateKYCStatusDto accepts PENDING with optional reason","invocations":1,"location":null,"numPassingAsserts":1,"retryReasons":[],"startAt":1784832854548,"status":"passed","title":"accepts PENDING with optional reason"}],"endTime":1784832854552,"message":"","name":"/home/semicolon/Drip/ignition-pay/ignition-api/src/users/dto/update-user.dto.spec.ts","startTime":1784832854037,"status":"passed","summary":""}],"wasInterrupted":false}
